12:33:28 **** Incremental Build of configuration Debug for project CPP ****
make all 
Building target: CPP
Invoking: MacOS X C++ Linker
g++  -o "CPP"  ./_strings/_strings.o  ./_queueUsingStack/_queueUsingStack.o  ./_linkedList/_linkedList.o  ./_hashTable/_hashTable.o  ./_coinChange/_coinChange.o  ./_bst/bst.o  ./_arrays/_arrays.o   
duplicate symbol _main in:
    ./_strings/_strings.o
    ./_queueUsingStack/_queueUsingStack.o
duplicate symbol _main in:
    ./_strings/_strings.o
    ./_linkedList/_linkedList.o
duplicate symbol _main in:
    ./_strings/_strings.o
    ./_hashTable/_hashTable.o
duplicate symbol _main in:
    ./_strings/_strings.o
    ./_coinChange/_coinChange.o
duplicate symbol _main in:
    ./_strings/_strings.o
    ./_bst/bst.o
duplicate symbol _main in:
    ./_strings/_strings.o
    ./_arrays/_arrays.o
ld: 6 duplicate symbols for architecture x86_64
clang: error: linker command failed with exit code 1 (use -v to see invocation)
make: *** [CPP] Error 1

12:33:28 Build Finished (took 334ms)

