12:06:10 **** Incremental Build of configuration Debug for project CPP ****
make all 
Building file: ../_hashTable/_hashTable.cpp
Invoking: GCC C++ Compiler
g++ -O0 -g3 -Wall -c -fmessage-length=0 -MMD -MP -MF"_hashTable/_hashTable.d" -MT"_hashTable/_hashTable.d" -o "_hashTable/_hashTable.o" "../_hashTable/_hashTable.cpp"
../_hashTable/_hashTable.cpp:12:10: fatal error: 'hash.h' file not found
#include "hash.h"
         ^
1 error generated.
make: *** [_hashTable/_hashTable.o] Error 1
12:06:54 **** Incremental Build of configuration Debug for project CPP ****
make all 
Building file: ../_hashTable/_hashTable.cpp
Invoking: GCC C++ Compiler
g++ -O0 -g3 -Wall -c -fmessage-length=0 -MMD -MP -MF"_hashTable/_hashTable.d" -MT"_hashTable/_hashTable.d" -o "_hashTable/_hashTable.o" "../_hashTable/_hashTable.cpp"
../_hashTable/_hashTable.cpp:118:8: warning: 'auto' type specifier is a C++11 extension [-Wc++11-extensions]
        for ( auto it = mymap.begin(); it != mymap.end(); ++it )
              ^
1 warning generated.
Finished building: ../_hashTable/_hashTable.cpp
 
Building target: CPP
Invoking: MacOS X C++ Linker
g++  -o "CPP"  ./_strings/_strings.o  ./_queueUsingStack/_queueUsingStack.o  ./_linkedList/_linkedList.o  ./_hashTable/_hashTable.o  ./_coinChange/_coinChange.o  ./_bst/bst.o  ./_arrays/_arrays.o   
duplicate symbol _main in:
    ./_strings/_strings.o
    ./_queueUsingStack/_queueUsingStack.o
duplicate symbol _main in:
    ./_strings/_strings.o
    ./_linkedList/_linkedList.o
duplicate symbol _main in:
    ./_strings/_strings.o
    ./_hashTable/_hashTable.o
duplicate symbol _main in:
    ./_strings/_strings.o
    ./_coinChange/_coinChange.o
duplicate symbol _main in:
    ./_strings/_strings.o
    ./_arrays/_arrays.o
duplicate symbol _main in:
    ./_strings/_strings.o
    ./_bst/bst.o
ld: 6 duplicate symbols for architecture x86_64
clang: error: linker command failed with exit code 1 (use -v to see invocation)
make: *** [CPP] Error 1
12:07:14 **** Incremental Build of configuration Debug for project CPP ****
make all 
Building target: CPP
Invoking: MacOS X C++ Linker
g++  -o "CPP"  ./_strings/_strings.o  ./_queueUsingStack/_queueUsingStack.o  ./_linkedList/_linkedList.o  ./_hashTable/_hashTable.o  ./_coinChange/_coinChange.o  ./_bst/bst.o  ./_arrays/_arrays.o   
duplicate symbol _main in:
    ./_strings/_strings.o
    ./_queueUsingStack/_queueUsingStack.o
duplicate symbol _main in:
    ./_strings/_strings.o
    ./_linkedList/_linkedList.o
duplicate symbol _main in:
    ./_strings/_strings.o
    ./_hashTable/_hashTable.o
duplicate symbol _main in:
    ./_strings/_strings.o
    ./_coinChange/_coinChange.o
duplicate symbol _main in:
    ./_strings/_strings.o
    ./_bst/bst.o
duplicate symbol _main in:
    ./_strings/_strings.o
    ./_arrays/_arrays.o
ld: 6 duplicate symbols for architecture x86_64
clang: error: linker command failed with exit code 1 (use -v to see invocation)
make: *** [CPP] Error 1
12:33:28 **** Incremental Build of configuration Debug for project CPP ****
make all 
Building target: CPP
Invoking: MacOS X C++ Linker
g++  -o "CPP"  ./_strings/_strings.o  ./_queueUsingStack/_queueUsingStack.o  ./_linkedList/_linkedList.o  ./_hashTable/_hashTable.o  ./_coinChange/_coinChange.o  ./_bst/bst.o  ./_arrays/_arrays.o   
duplicate symbol _main in:
    ./_strings/_strings.o
    ./_queueUsingStack/_queueUsingStack.o
duplicate symbol _main in:
    ./_strings/_strings.o
    ./_linkedList/_linkedList.o
duplicate symbol _main in:
    ./_strings/_strings.o
    ./_hashTable/_hashTable.o
duplicate symbol _main in:
    ./_strings/_strings.o
    ./_coinChange/_coinChange.o
duplicate symbol _main in:
    ./_strings/_strings.o
    ./_bst/bst.o
duplicate symbol _main in:
    ./_strings/_strings.o
    ./_arrays/_arrays.o
ld: 6 duplicate symbols for architecture x86_64
clang: error: linker command failed with exit code 1 (use -v to see invocation)
make: *** [CPP] Error 1
